<?xml version="1.0" encoding="UTF-8"?>
<!-- Generated by org.testng.reporters.JUnitReportReporter -->
<testsuite hostname="Kittu" failures="0" tests="6" name="com.TestNG.Annotations1" time="0.013" errors="0" timestamp="2023-01-23T16:09:32 IST" skipped="1">
  <testcase classname="com.TestNG.Annotations1" name="gmailApplicationLaunch" time="0.008"/>
  <system-out/>
  <testcase classname="com.TestNG.Annotations1" name="gmailInBoxTest" time="0.002"/>
  <system-out/>
  <testcase classname="com.TestNG.Annotations1" name="gmailcomposemailTest" time="0.001"/>
  <system-out/>
  <testcase classname="com.TestNG.Annotations1" name="gmailDraftsTest" time="0.001"/>
  <system-out/>
  <testcase classname="com.TestNG.Annotations1" name="gmailapplicationclose" time="0.001"/>
  <system-out/>
  <testcase classname="com.TestNG.Annotations1" name="gamisentmailTest">
    <skipped/>
  </testcase> <!-- gamisentmailTest -->
  <system-out/>
</testsuite> <!-- com.TestNG.Annotations1 -->
