<?xml version="1.0" encoding="UTF-8"?>
<!-- Generated by org.testng.reporters.JUnitReportReporter -->
<testsuite hostname="Kittu" failures="0" tests="4" name="com.TestNG.annotation3" time="0.019" errors="0" timestamp="2023-01-23T16:16:52 IST" skipped="1">
  <testcase classname="com.TestNG.annotation3" name="gmailcomposemailTest" time="0.011"/>
  <system-out/>
  <testcase classname="com.TestNG.annotation3" name="gmailDraftsTest" time="0.004"/>
  <system-out/>
  <testcase classname="com.TestNG.annotation3" name="gmailapplicationclose" time="0.004"/>
  <system-out/>
  <testcase classname="com.TestNG.annotation3" name="gamisentmailTest">
    <skipped/>
  </testcase> <!-- gamisentmailTest -->
  <system-out/>
</testsuite> <!-- com.TestNG.annotation3 -->
