<?xml version="1.0" encoding="UTF-8"?>
<!-- Generated by org.testng.reporters.JUnitReportReporter -->
<testsuite hostname="Kittu" failures="0" tests="4" name="com.TestNG.annotation2" time="0.010" errors="0" timestamp="2023-01-23T16:13:21 IST" skipped="1">
  <testcase classname="com.TestNG.annotation2" name="gmailcomposemailTest" time="0.007"/>
  <system-out/>
  <testcase classname="com.TestNG.annotation2" name="gmailDraftsTest" time="0.001"/>
  <system-out/>
  <testcase classname="com.TestNG.annotation2" name="gmailapplicationclose" time="0.002"/>
  <system-out/>
  <testcase classname="com.TestNG.annotation2" name="gamisentmailTest">
    <skipped/>
  </testcase> <!-- gamisentmailTest -->
  <system-out/>
</testsuite> <!-- com.TestNG.annotation2 -->
