<?xml version="1.0" encoding="UTF-8"?>
<!-- Generated by org.testng.reporters.JUnitReportReporter -->
<testsuite hostname="Kittu" failures="0" tests="3" name="OrangeHRMApplicationTestcases.OrangeHRMLogin" time="17.456" errors="0" timestamp="2023-02-23T11:47:39 IST" skipped="0">
  <testcase classname="OrangeHRMApplicationTestcases.OrangeHRMLogin" name="logInPageLogoValidationTest" time="1.950"/>
  <system-out/>
  <testcase classname="OrangeHRMApplicationTestcases.OrangeHRMLogin" name="logInPageTextValidationTest" time="1.659"/>
  <system-out/>
  <testcase classname="OrangeHRMApplicationTestcases.OrangeHRMLogin" name="logInPageLogInFuncationalityTest" time="13.847"/>
  <system-out/>
</testsuite> <!-- OrangeHRMApplicationTestcases.OrangeHRMLogin -->
