<?xml version="1.0" encoding="UTF-8"?>
<!-- Generated by org.testng.reporters.JUnitReportReporter -->
<testsuite hostname="Kittu" failures="0" tests="2" name="com.orangeHRMApplicationTestCases.LoginFunctionalityTest" time="45.137" errors="0" timestamp="2023-03-04T16:29:33 IST" skipped="0">
  <testcase classname="com.orangeHRMApplicationTestCases.LoginFunctionalityTest" name="validateLoginPageTest" time="1.008"/>
  <system-out/>
  <testcase classname="com.orangeHRMApplicationTestCases.LoginFunctionalityTest" name="validateLoginfunctionalityTest" time="44.129"/>
  <system-out/>
</testsuite> <!-- com.orangeHRMApplicationTestCases.LoginFunctionalityTest -->
