<?xml version="1.0" encoding="UTF-8"?>
<!-- Generated by org.testng.reporters.JUnitReportReporter -->
<testsuite hostname="Kittu" failures="0" tests="1" name="com.OrangeHRMTestCases.MultipulData" time="20.645" errors="0" timestamp="2023-02-19T21:13:39 IST" skipped="0">
  <testcase classname="com.OrangeHRMTestCases.MultipulData" name="orangeHRM" time="20.645"/>
  <system-out/>
</testsuite> <!-- com.OrangeHRMTestCases.MultipulData -->
