<?xml version="1.0" encoding="UTF-8"?>
<!-- Generated by org.testng.reporters.JUnitReportReporter -->
<testsuite hostname="Kittu" failures="0" tests="3" name="com.OrangeHRMTestCases.OrangeHRM_Loginpage" time="9.555" errors="0" timestamp="2023-02-22T19:52:47 IST" skipped="0">
  <testcase classname="com.OrangeHRMTestCases.OrangeHRM_Loginpage" name="loginPanelText" time="0.865"/>
  <system-out/>
  <testcase classname="com.OrangeHRMTestCases.OrangeHRM_Loginpage" name="inputs" time="6.891"/>
  <system-out/>
  <testcase classname="com.OrangeHRMTestCases.OrangeHRM_Loginpage" name="output" time="1.799"/>
  <system-out/>
</testsuite> <!-- com.OrangeHRMTestCases.OrangeHRM_Loginpage -->
