<?xml version="1.0" encoding="UTF-8"?>
<!-- Generated by org.testng.reporters.JUnitReportReporter -->
<testsuite hostname="Kittu" failures="0" tests="1" name="com.OrangeHRM.BaseTest" time="0.009" errors="0" timestamp="2023-02-06T15:30:24 IST" skipped="0">
  <testcase classname="com.OrangeHRM.BaseTest" name="base" time="0.009"/>
  <system-out/>
</testsuite> <!-- com.OrangeHRM.BaseTest -->
